#
# There is insufficient memory for the Java Runtime Environment to continue.
# Native memory allocation (mmap) failed to map 268435456 bytes for Failed to commit area from 0x0000000701000000 to 0x0000000711000000 of length 268435456.
# Possible reasons:
#   The system is out of physical RAM or swap space
#   The process is running with CompressedOops enabled, and the Java Heap may be blocking the growth of the native heap
# Possible solutions:
#   Reduce memory load on the system
#   Increase physical memory or swap space
#   Check if swap backing store is full
#   Decrease Java heap size (-Xmx/-Xms)
#   Decrease number of Java threads
#   Decrease Java thread stack sizes (-Xss)
#   Set larger code cache with -XX:ReservedCodeCacheSize=
# This output file may be truncated or incomplete.
#
#  Out of Memory Error (./src/hotspot/os/windows/os_windows.cpp:3303), pid=26536, tid=26200
#
# JRE version:  (11.0.9+11) (build )
# Java VM: OpenJDK 64-Bit Server VM (11.0.9+11-b1145.21, mixed mode, sharing, tiered, compressed oops, g1 gc, windows-amd64)
# No core dump will be written. Minidumps are not enabled by default on client versions of Windows
#

---------------  S U M M A R Y ------------

Command Line: org.jetbrains.git4idea.http.GitAskPassApp Username for 'https://github.com': 

Host: AMD Ryzen 5 3600 6-Core Processor              , 12 cores, 15G,  Windows 10 , 64 bit Build 19041 (10.0.19041.1741)
Time: Fri Jun 24 12:35:10 2022 GMT Daylight Time elapsed time: 0.017741 seconds (0d 0h 0m 0s)

---------------  T H R E A D  ---------------

Current thread (0x0000025a70c72000):  JavaThread "Unknown thread" [_thread_in_vm, id=26200, stack(0x0000006a43e00000,0x0000006a43f00000)]

Stack: [0x0000006a43e00000,0x0000006a43f00000]
Native frames: (J=compiled Java code, j=interpreted, Vv=VM code, C=native code)
V  [jvm.dll+0x5ed3ca]
V  [jvm.dll+0x722725]
V  [jvm.dll+0x723c7d]
V  [jvm.dll+0x724333]
V  [jvm.dll+0x242bd8]
V  [jvm.dll+0x5ea884]
V  [jvm.dll+0x5df995]
V  [jvm.dll+0x2fe13b]
V  [jvm.dll+0x2fe0aa]
V  [jvm.dll+0x2fdf82]
V  [jvm.dll+0x302e56]
V  [jvm.dll+0x34b583]
V  [jvm.dll+0x34bc86]
V  [jvm.dll+0x34b683]
V  [jvm.dll+0x2d8df8]
V  [jvm.dll+0x2d9f97]
V  [jvm.dll+0x701517]
V  [jvm.dll+0x702d0c]
V  [jvm.dll+0x358b39]
V  [jvm.dll+0x6e4f9e]
V  [jvm.dll+0x3c0db3]
V  [jvm.dll+0x3c2f61]
C  [jli.dll+0x5373]
C  [ucrtbase.dll+0x21bb2]
C  [KERNEL32.DLL+0x17034]
C  [ntdll.dll+0x52651]


---------------  P R O C E S S  ---------------

Threads class SMR info:
_java_thread_list=0x0000025a70adce50, length=0, elements={
}

Java Threads: ( => current thread )

Other Threads:
  0x0000025a70c8b000 GCTaskThread "GC Thread#0" [stack: 0x0000006a43f00000,0x0000006a44000000] [id=17412]
  0x0000025a70ce7800 ConcurrentGCThread "G1 Main Marker" [stack: 0x0000006a44000000,0x0000006a44100000] [id=18104]
  0x0000025a70cea000 ConcurrentGCThread "G1 Conc#0" [stack: 0x0000006a44100000,0x0000006a44200000] [id=14092]

[error occurred during error reporting (printing all threads), id 0xc0000005, EXCEPTION_ACCESS_VIOLATION (0xc0000005) at pc=0x00007ffdafac9397]

VM state:not at safepoint (not fully initialized)

VM Mutex/Monitor currently owned by a thread:  ([mutex/lock_event])
[0x0000025a70c6ef90] Heap_lock - owner thread: 0x0000025a70c72000

Heap address: 0x0000000701000000, size: 4080 MB, Compressed Oops mode: Non-zero based: 0x0000000701000000
Narrow klass base: 0x0000000000000000, Narrow klass shift: 0

GC Heap History (0 events):
No events

Deoptimization events (0 events):
No events

Classes redefined (0 events):
No events

Internal exceptions (0 events):
No events

Events (1 events):
Event: 0.012 Loaded shared library C:\Program Files\JetBrains\PyCharm 2020.3\jbr\bin\zip.dll


Dynamic libraries:
0x00007ff6bfd40000 - 0x00007ff6bfd4a000 	C:\Program Files\JetBrains\PyCharm 2020.3\jbr\bin\java.exe
0x00007ffe24ff0000 - 0x00007ffe251e7000 	C:\WINDOWS\SYSTEM32\ntdll.dll
0x00007ffe234a0000 - 0x00007ffe2355d000 	C:\WINDOWS\System32\KERNEL32.DLL
0x00007ffe22c20000 - 0x00007ffe22eed000 	C:\WINDOWS\System32\KERNELBASE.dll
0x00007ffe22870000 - 0x00007ffe22970000 	C:\WINDOWS\System32\ucrtbase.dll
0x00007ffe148e0000 - 0x00007ffe148f7000 	C:\Program Files\JetBrains\PyCharm 2020.3\jbr\bin\VCRUNTIME140.dll
0x00007ffe148c0000 - 0x00007ffe148d9000 	C:\Program Files\JetBrains\PyCharm 2020.3\jbr\bin\jli.dll
0x00007ffe23100000 - 0x00007ffe232a0000 	C:\WINDOWS\System32\USER32.dll
0x00007ffe22bf0000 - 0x00007ffe22c12000 	C:\WINDOWS\System32\win32u.dll
0x00007ffe12520000 - 0x00007ffe127ba000 	C:\WINDOWS\WinSxS\amd64_microsoft.windows.common-controls_6595b64144ccf1df_6.0.19041.1110_none_60b5254171f9507e\COMCTL32.dll
0x00007ffe23e50000 - 0x00007ffe23e7a000 	C:\WINDOWS\System32\GDI32.dll
0x00007ffe238b0000 - 0x00007ffe2394e000 	C:\WINDOWS\System32\msvcrt.dll
0x00007ffe22970000 - 0x00007ffe22a7b000 	C:\WINDOWS\System32\gdi32full.dll
0x00007ffe227d0000 - 0x00007ffe2286d000 	C:\WINDOWS\System32\msvcp_win.dll
0x00007ffe233a0000 - 0x00007ffe233d0000 	C:\WINDOWS\System32\IMM32.DLL
0x00007ffe1c9f0000 - 0x00007ffe1ca55000 	C:\Program Files (x86)\Impero Solutions Ltd\Impero Client\x64\ImperoInj64.dll
0x00007ffe240e0000 - 0x00007ffe2414b000 	C:\WINDOWS\System32\WS2_32.dll
0x00007ffe242d0000 - 0x00007ffe243f5000 	C:\WINDOWS\System32\RPCRT4.dll
0x00007ffe23050000 - 0x00007ffe230fe000 	C:\WINDOWS\System32\ADVAPI32.dll
0x00007ffe24760000 - 0x00007ffe247fc000 	C:\WINDOWS\System32\sechost.dll
0x00007ffe07790000 - 0x00007ffe07824000 	C:\WINDOWS\SYSTEM32\WINSPOOL.DRV
0x00007ffe210f0000 - 0x00007ffe21123000 	C:\WINDOWS\SYSTEM32\ntmarta.dll
0x00007ffdfc2c0000 - 0x00007ffdfc35d000 	C:\Program Files\JetBrains\PyCharm 2020.3\jbr\bin\msvcp140.dll
0x00007ffdaf7e0000 - 0x00007ffdb02ae000 	C:\Program Files\JetBrains\PyCharm 2020.3\jbr\bin\server\jvm.dll
0x00007ffe238a0000 - 0x00007ffe238a8000 	C:\WINDOWS\System32\PSAPI.DLL
0x00007ffe1c530000 - 0x00007ffe1c53a000 	C:\WINDOWS\SYSTEM32\VERSION.dll
0x00007ffe091b0000 - 0x00007ffe091b9000 	C:\WINDOWS\SYSTEM32\WSOCK32.dll
0x00007ffe14350000 - 0x00007ffe14377000 	C:\WINDOWS\SYSTEM32\WINMM.dll
0x00007ffe20620000 - 0x00007ffe20632000 	C:\WINDOWS\SYSTEM32\kernel.appcore.dll
0x00007ffe16140000 - 0x00007ffe16151000 	C:\Program Files\JetBrains\PyCharm 2020.3\jbr\bin\verify.dll
0x00007ffe0f730000 - 0x00007ffe0f914000 	C:\WINDOWS\SYSTEM32\DBGHELP.DLL
0x00007ffe0f700000 - 0x00007ffe0f72c000 	C:\WINDOWS\SYSTEM32\dbgcore.DLL
0x00007ffe22740000 - 0x00007ffe227c2000 	C:\WINDOWS\System32\bcryptPrimitives.dll
0x00007ffe10a80000 - 0x00007ffe10aa9000 	C:\Program Files\JetBrains\PyCharm 2020.3\jbr\bin\java.dll
0x00007ffe1ff50000 - 0x00007ffe1ff5b000 	C:\Program Files\JetBrains\PyCharm 2020.3\jbr\bin\jimage.dll
0x00007ffe13be0000 - 0x00007ffe13bf8000 	C:\Program Files\JetBrains\PyCharm 2020.3\jbr\bin\zip.dll

dbghelp: loaded successfully - version: 4.0.5 - missing functions: none
symbol engine: initialized successfully - sym options: 0x614 - pdb path: .;C:\Program Files\JetBrains\PyCharm 2020.3\jbr\bin;C:\WINDOWS\SYSTEM32;C:\WINDOWS\WinSxS\amd64_microsoft.windows.common-controls_6595b64144ccf1df_6.0.19041.1110_none_60b5254171f9507e;C:\Program Files (x86)\Impero Solutions Ltd\Impero Client\x64;C:\Program Files\JetBrains\PyCharm 2020.3\jbr\bin\server

VM Arguments:
java_command: org.jetbrains.git4idea.http.GitAskPassApp Username for 'https://github.com': 
java_class_path (initial): C:/Program Files/JetBrains/PyCharm 2020.3/plugins/git4idea/lib/git4idea-rt.jar;C:/Program Files/JetBrains/PyCharm 2020.3/lib/xmlrpc-2.0.1.jar;C:/Program Files/JetBrains/PyCharm 2020.3/lib/commons-codec-1.14.jar
Launcher Type: SUN_STANDARD

[Global flags]
     intx CICompilerCount                          = 4                                         {product} {ergonomic}
     uint ConcGCThreads                            = 3                                         {product} {ergonomic}
     uint G1ConcRefinementThreads                  = 10                                        {product} {ergonomic}
   size_t G1HeapRegionSize                         = 1048576                                   {product} {ergonomic}
    uintx GCDrainStackTargetSize                   = 64                                        {product} {ergonomic}
   size_t InitialHeapSize                          = 268435456                                 {product} {ergonomic}
   size_t MarkStackSize                            = 4194304                                   {product} {ergonomic}
   size_t MaxHeapSize                              = 4278190080                                {product} {ergonomic}
   size_t MinHeapDeltaBytes                        = 1048576                                   {product} {ergonomic}
    uintx NonNMethodCodeHeapSize                   = 5836300                                {pd product} {ergonomic}
    uintx NonProfiledCodeHeapSize                  = 122910970                              {pd product} {ergonomic}
    uintx ProfiledCodeHeapSize                     = 122910970                              {pd product} {ergonomic}
    uintx ReservedCodeCacheSize                    = 251658240                              {pd product} {ergonomic}
     bool SegmentedCodeCache                       = true                                      {product} {ergonomic}
     bool UseCompressedClassPointers               = true                                 {lp64_product} {ergonomic}
     bool UseCompressedOops                        = true                                 {lp64_product} {ergonomic}
     bool UseG1GC                                  = true                                      {product} {ergonomic}
     bool UseLargePagesIndividualAllocation        = false                                  {pd product} {ergonomic}

Logging:
Log output configuration:
 #0: stdout all=warning uptime,level,tags
 #1: stderr all=off uptime,level,tags

Environment Variables:
PATH=C:\Program Files\Git\mingw64\libexec\git-core;C:\Program Files\Git\mingw64\libexec\git-core;C:\Program Files\Git\mingw64\bin;C:\Program Files\Git\usr\bin;H:\bin;C:\Program Files (x86)\Common Files\Oracle\Java\javapath;C:\Program Files (x86)\Common Files\Intel\Shared Libraries\redist\intel64\compiler;C:\Python39\Scripts;C:\Python39;C:\Python38\Scripts;C:\Python38;C:\Program Files\Python39\Scripts;C:\Program Files\Python39;C:\Users\administrator\Python38\Scripts;C:\Users\administrator\Python38;C:\WINDOWS\system32;C:\WINDOWS;C:\WINDOWS\System32\Wbem;C:\WINDOWS\System32\WindowsPowerShell\v1.0;C:\WINDOWS\System32\OpenSSH;C:\Windows\CCM;C:\Program Files (x86)\Microsoft SQL Server\150\DTS\Binn;C:\Program Files\Azure Data Studio\bin;C:\Program Files\dotnet;C:\Program Files\Microsoft SQL Server\130\Tools\Binn;C:\Program Files\Microsoft SQL Server\Client SDK\ODBC\170\Tools\Binn;C:\Program Files\Git\cmd;C:\Program Files (x86)\NVIDIA Corporation\PhysX\Common;C:\Program Files (x86)\dotnet;C:\Users\z27986\AppData\Local\Microsoft\WindowsApps
USERNAME=z27986
DISPLAY=:0.0
LC_ALL=en_US.UTF-8
OS=Windows_NT
PROCESSOR_IDENTIFIER=AMD64 Family 23 Model 113 Stepping 0, AuthenticAMD



---------------  S Y S T E M  ---------------

OS: Windows 10 , 64 bit Build 19041 (10.0.19041.1741)
OS uptime: 0 days 3:49 hours

CPU:total 12 (initial active 12) (12 cores per cpu, 2 threads per core) family 23 model 113 stepping 0, cmov, cx8, fxsr, mmx, sse, sse2, sse3, ssse3, sse4.1, sse4.2, popcnt, avx, avx2, aes, clmul, mmxext, 3dnowpref, lzcnt, sse4a, ht, tsc, tscinvbit, tscinv, bmi1, bmi2, adx, sha, fma

Memory: 4k page, system-wide physical 16318M (5451M free)
TotalPageFile size 45982M (AvailPageFile size 147M)
current process WorkingSet (physical memory assigned to process): 11M, peak: 11M
current process commit charge ("private bytes"): 65M, peak: 321M

vm_info: OpenJDK 64-Bit Server VM (11.0.9+11-b1145.21) for windows-amd64 JRE (11.0.9+11-b1145.21), built on Nov 21 2020 14:37:09 by "" with MS VC++ 14.0 (VS2015)

END.
